<?xml version="1.0" encoding="UTF-8"?>
<testsuite name="TestSuite" time="32.812" tests="2" errors="0" skipped="0" failures="0">
  <properties>
    <property name="java.runtime.name" value="OpenJDK Runtime Environment"/>
    <property name="sun.boot.library.path" value="C:\Program Files\Java\java-se-8u41-ri\jre\bin"/>
    <property name="java.vm.version" value="25.40-b25"/>
    <property name="java.vm.vendor" value="Oracle Corporation"/>
    <property name="maven.multiModuleProjectDirectory" value="C:\Users\kcspartans\eclipse-workspace-2020\QuickTestAPI"/>
    <property name="java.vendor.url" value="http://java.oracle.com/"/>
    <property name="path.separator" value=";"/>
    <property name="guice.disable.misplaced.annotation.check" value="true"/>
    <property name="java.vm.name" value="OpenJDK Client VM"/>
    <property name="file.encoding.pkg" value="sun.io"/>
    <property name="user.script" value=""/>
    <property name="user.country" value="US"/>
    <property name="sun.java.launcher" value="SUN_STANDARD"/>
    <property name="sun.os.patch.level" value=""/>
    <property name="java.vm.specification.name" value="Java Virtual Machine Specification"/>
    <property name="user.dir" value="C:\Users\kcspartans\eclipse-workspace-2020\QuickTestAPI"/>
    <property name="java.runtime.version" value="1.8.0_41-b04"/>
    <property name="java.awt.graphicsenv" value="sun.awt.Win32GraphicsEnvironment"/>
    <property name="java.endorsed.dirs" value="C:\Program Files\Java\java-se-8u41-ri\jre\lib\endorsed"/>
    <property name="os.arch" value="x86"/>
    <property name="java.io.tmpdir" value="C:\Users\kcspartans\AppData\Local\Temp\2\"/>
    <property name="line.separator" value="&#10;"/>
    <property name="java.vm.specification.vendor" value="Oracle Corporation"/>
    <property name="user.variant" value=""/>
    <property name="os.name" value="Windows Server 2012 R2"/>
    <property name="classworlds.conf" value="C:\Users\kcspartans\eclipse-workspace-2020\.metadata\.plugins\org.eclipse.m2e.launching\launches\m2conf14601050062203091034.tmp"/>
    <property name="sun.jnu.encoding" value="Cp1252"/>
    <property name="java.library.path" value="C:\Program Files\Java\java-se-8u41-ri\bin;C:\windows\Sun\Java\bin;C:\windows\system32;C:\windows;C:/Users/kcspartans/.p2/pool/plugins/org.eclipse.justj.openjdk.hotspot.jre.full.win32.x86_64_14.0.2.v20200815-0932/jre/bin/server;C:/Users/kcspartans/.p2/pool/plugins/org.eclipse.justj.openjdk.hotspot.jre.full.win32.x86_64_14.0.2.v20200815-0932/jre/bin;C:\windows\system32;C:\windows;C:\windows\System32\Wbem;C:\windows\System32\WindowsPowerShell\v1.0\;C:\Program Files\dotnet\;C:\Program Files\Microsoft SQL Server\130\Tools\Binn\;C:\Program Files\Microsoft SQL Server\Client SDK\ODBC\170\Tools\Binn\;C:\Program Files (x86)\Microsoft SQL Server\150\Tools\Binn\;C:\Program Files\Microsoft SQL Server\150\Tools\Binn\;C:\Program Files\Microsoft SQL Server\150\DTS\Binn\;C:\Program Files (x86)\Microsoft SQL Server\150\DTS\Binn\;C:\Program Files\Azure Data Studio\bin;C:\Program Files\Git\cmd;C:\Program Files\PuTTY\;C:\Users\kcspartans\AppData\Local\Microsoft\WindowsApps;C:\Users\kcspartans\.dotnet\tools;C:\Program Files\Azure Data Studio\bin;C:\Program Files\Docker Toolbox;C:\Program Files\Java\jdk-11.0.3;C:\Program Files\Java\jdk-11.0.3\bin;C:\Program Files\Java\java-se-8u41-ri;C:\Program Files\Java\java-se-8u41-ri\bin;C:\Windows\System32\config\systemprofile\.m2\repository\org\apache\maven;C:\Users\kcspartans\Desktop;;."/>
    <property name="java.specification.name" value="Java Platform API Specification"/>
    <property name="java.class.version" value="52.0"/>
    <property name="sun.management.compiler" value="HotSpot Client Compiler"/>
    <property name="os.version" value="6.3"/>
    <property name="user.home" value="C:\Users\kcspartans"/>
    <property name="user.timezone" value="UTC"/>
    <property name="java.awt.printerjob" value="sun.awt.windows.WPrinterJob"/>
    <property name="java.specification.version" value="1.8"/>
    <property name="file.encoding" value="Cp1252"/>
    <property name="user.name" value="kcspartans"/>
    <property name="java.class.path" value="C:\Users\kcspartans\.p2\pool\plugins\org.eclipse.m2e.maven.runtime_1.16.0.20200610-1735\jars\plexus-classworlds-2.6.0.jar"/>
    <property name="java.vm.specification.version" value="1.8"/>
    <property name="sun.arch.data.model" value="32"/>
    <property name="java.home" value="C:\Program Files\Java\java-se-8u41-ri\jre"/>
    <property name="sun.java.command" value="org.codehaus.plexus.classworlds.launcher.Launcher -B clean test"/>
    <property name="java.specification.vendor" value="Oracle Corporation"/>
    <property name="user.language" value="en"/>
    <property name="awt.toolkit" value="sun.awt.windows.WToolkit"/>
    <property name="java.vm.info" value="mixed mode"/>
    <property name="java.version" value="1.8.0_41"/>
    <property name="java.ext.dirs" value="C:\Program Files\Java\java-se-8u41-ri\jre\lib\ext;C:\windows\Sun\Java\lib\ext"/>
    <property name="sun.boot.class.path" value="C:\Program Files\Java\java-se-8u41-ri\jre\lib\resources.jar;C:\Program Files\Java\java-se-8u41-ri\jre\lib\rt.jar;C:\Program Files\Java\java-se-8u41-ri\jre\lib\sunrsasign.jar;C:\Program Files\Java\java-se-8u41-ri\jre\lib\jsse.jar;C:\Program Files\Java\java-se-8u41-ri\jre\lib\jce.jar;C:\Program Files\Java\java-se-8u41-ri\jre\lib\charsets.jar;C:\Program Files\Java\java-se-8u41-ri\jre\lib\jfr.jar;C:\Program Files\Java\java-se-8u41-ri\jre\classes"/>
    <property name="java.vendor" value="Oracle Corporation"/>
    <property name="maven.home" value="C:\Users\kcspartans\eclipse-workspace-2020\QuickTestAPI\EMBEDDED"/>
    <property name="file.separator" value="\"/>
    <property name="java.vendor.url.bug" value="http://bugreport.sun.com/bugreport/"/>
    <property name="sun.cpu.endian" value="little"/>
    <property name="sun.io.unicode.encoding" value="UnicodeLittle"/>
    <property name="sun.desktop" value="windows"/>
    <property name="sun.cpu.isalist" value="pentium_pro+mmx pentium_pro pentium+mmx pentium i486 i386 i86"/>
  </properties>
  <testcase name="testBadRequest" classname="Hackathon_Test.APITest" time="11.701"/>
  <testcase name="testGoodRequest" classname="Hackathon_Test.APITest" time="21.111"/>
</testsuite>