<?xml version="1.0" encoding="UTF-8"?>
<!-- Generated by org.testng.reporters.JUnitReportReporter -->
<testsuite skipped="0" hostname="LCE-CogGrp1088" name="jsonConvert.convertJson2" tests="1" failures="0" timestamp="17 Nov 2020 08:53:30 GMT" time="5.365" errors="0">
  <testcase name="testR" time="5.365" classname="jsonConvert.convertJson2"/>
</testsuite> <!-- jsonConvert.convertJson2 -->
