<?xml version="1.0" encoding="UTF-8"?>
<!-- Generated by org.testng.reporters.JUnitReportReporter -->
<testsuite skipped="0" hostname="LCE-CogGrp1088" name="jsonConvert.test" tests="2" failures="1" timestamp="17 Nov 2020 15:42:00 GMT" time="21.556" errors="0">
  <testcase name="testGoodRequest" time="10.067" classname="jsonConvert.test">
    <failure type="java.lang.AssertionError" message="https://reqres.in/:/api/register
{password=cityslicka, email=eve.holt@reqres.in} expected [400] but found [200]">
      <![CDATA[java.lang.AssertionError: https://reqres.in/:/api/register
{password=cityslicka, email=eve.holt@reqres.in} expected [400] but found [200]
at org.testng.Assert.fail(Assert.java:96)
at org.testng.Assert.failNotEquals(Assert.java:776)
at org.testng.Assert.assertEqualsImpl(Assert.java:137)
at org.testng.Assert.assertEquals(Assert.java:118)
at org.testng.Assert.assertEquals(Assert.java:652)
at jsonConvert.test.apiTestPASS(test.java:370)
at jsonConvert.test.testGoodRequest(test.java:204)
at sun.reflect.NativeMethodAccessorImpl.invoke0(Native Method)
at sun.reflect.NativeMethodAccessorImpl.invoke(Unknown Source)
at sun.reflect.DelegatingMethodAccessorImpl.invoke(Unknown Source)
at java.lang.reflect.Method.invoke(Unknown Source)
at org.testng.internal.MethodInvocationHelper.invokeMethod(MethodInvocationHelper.java:124)
at org.testng.internal.Invoker.invokeMethod(Invoker.java:583)
at org.testng.internal.Invoker.invokeTestMethod(Invoker.java:719)
at org.testng.internal.Invoker.invokeTestMethods(Invoker.java:989)
at org.testng.internal.TestMethodWorker.invokeTestMethods(TestMethodWorker.java:125)
at org.testng.internal.TestMethodWorker.run(TestMethodWorker.java:109)
at java.util.concurrent.ThreadPoolExecutor.runWorker(Unknown Source)
at java.util.concurrent.ThreadPoolExecutor$Worker.run(Unknown Source)
at java.lang.Thread.run(Unknown Source)
]]>
    </failure>
  </testcase> <!-- testGoodRequest -->
  <testcase name="testBadRequest" time="11.489" classname="jsonConvert.test"/>
</testsuite> <!-- jsonConvert.test -->
