<?xml version="1.0" encoding="UTF-8"?>
<!-- Generated by org.testng.reporters.JUnitReportReporter -->
<testsuite skipped="0" hostname="kc-spartans" name="Hackathon_Test.APITest" tests="2" failures="0" timestamp="2020-12-14T15:28:31 UTC" time="32.880" errors="0">
  <testcase name="testBadRequest" time="11.692" classname="Hackathon_Test.APITest"/>
  <system-out/>
  <testcase name="testGoodRequest" time="21.188" classname="Hackathon_Test.APITest"/>
  <system-out/>
</testsuite> <!-- Hackathon_Test.APITest -->
