<?xml version="1.0" encoding="UTF-8"?>
<!-- Generated by org.testng.reporters.JUnitReportReporter -->
<testsuite skipped="0" hostname="kc-spartans" name="Hackathon_Test.APITest" tests="2" failures="0" timestamp="2020-12-19T11:47:55 UTC" time="29.367" errors="0">
  <testcase name="testBadRequest" time="12.305" classname="Hackathon_Test.APITest"/>
  <system-out/>
  <testcase name="testGoodRequest" time="17.062" classname="Hackathon_Test.APITest"/>
  <system-out/>
</testsuite> <!-- Hackathon_Test.APITest -->
